  SRI.cpp
C:\Users\yanbw\source\repos\wan\SRI.cpp(28,9): warning C4244: 'initializing': conversion from 'double' to 'int', possible loss of data
C:\Users\yanbw\source\repos\wan\SRI.cpp(234,20): warning C4477: 'sprintf' : format string '%s' requires an argument of type 'char *', but variadic argument 1 has type 'std::string'
C:\Users\yanbw\source\repos\wan\SRI.cpp(236,20): warning C4477: 'sprintf' : format string '%s' requires an argument of type 'char *', but variadic argument 1 has type 'std::string'
C:\Users\yanbw\source\repos\wan\SRI.cpp(236,20): warning C4477: 'sprintf' : format string '%s' requires an argument of type 'char *', but variadic argument 2 has type 'std::string'
C:\Users\yanbw\source\repos\wan\SRI.cpp(238,20): warning C4477: 'sprintf' : format string '%s' requires an argument of type 'char *', but variadic argument 1 has type 'std::string'
C:\Users\yanbw\source\repos\wan\SRI.cpp(238,20): warning C4477: 'sprintf' : format string '%s' requires an argument of type 'char *', but variadic argument 2 has type 'std::string'
C:\Users\yanbw\source\repos\wan\SRI.cpp(238,20): warning C4477: 'sprintf' : format string '%s' requires an argument of type 'char *', but variadic argument 3 has type 'std::string'
C:\Users\yanbw\source\repos\wan\SRI.cpp(240,20): warning C4477: 'sprintf' : format string '%s' requires an argument of type 'char *', but variadic argument 1 has type 'std::string'
C:\Users\yanbw\source\repos\wan\SRI.cpp(240,20): warning C4477: 'sprintf' : format string '%s' requires an argument of type 'char *', but variadic argument 2 has type 'std::string'
C:\Users\yanbw\source\repos\wan\SRI.cpp(240,20): warning C4477: 'sprintf' : format string '%s' requires an argument of type 'char *', but variadic argument 3 has type 'std::string'
C:\Users\yanbw\source\repos\wan\SRI.cpp(242,20): warning C4477: 'sprintf' : format string '%s' requires an argument of type 'char *', but variadic argument 1 has type 'std::string'
C:\Users\yanbw\source\repos\wan\SRI.cpp(242,20): warning C4477: 'sprintf' : format string '%s' requires an argument of type 'char *', but variadic argument 2 has type 'std::string'
C:\Users\yanbw\source\repos\wan\SRI.cpp(242,20): warning C4477: 'sprintf' : format string '%s' requires an argument of type 'char *', but variadic argument 3 has type 'std::string'
C:\Users\yanbw\source\repos\wan\SRI.cpp(261,16): warning C4129: ' ': unrecognized character escape sequence
  Generating code
  2 of 328 functions ( 0.6%) were compiled, the rest were copied from previous compilation.
    0 functions were new in current compilation
    0 functions had inline decision re-evaluated but remain unchanged
  Finished generating code
  SRI.vcxproj -> C:\Users\yanbw\source\repos\wan\x64\Release\SRI.exe
